Removed Pin From Net: NetName=Net5V_1 Pin=C1-1
Removed Pin From Net: NetName=Net2N222_3 Pin=C1-2
Removed Pin From Net: NetName=Net5V_1 Pin=C4-1
Removed Pin From Net: NetName=Net2N222_3 Pin=C4-2
Removed Pin From Net: NetName=NetESP-WROOM-32_32 Pin=R7-1
Removed Pin From Net: NetName=Net2N222_1 Pin=R7-2
Removed Pin From Net: NetName=Net2N222_2 Pin=R8-1
Removed Pin From Net: NetName=Net5V_1 Pin=R8-2
Removed Member From Class: ClassName=IronDoorControl Member=C4
Removed Member From Class: ClassName=IronDoorControl Member=R7
Removed Member From Class: ClassName=IronDoorControl Member=R8
Change Component Designator: OldDesignator=C2 NewDesignator=C1
Change Component Designator: OldDesignator=R3 NewDesignator=R1
Added Component: Designator=C2(RAD(05/7))
Added Component: Designator=C3(RAD(05/7))
Added Component: Designator=R2(RES0.4)
Added Component: Designator=R6(RES0.4)
Added Pin To Net: NetName=Net5V_1 Pin=C2-1
Added Pin To Net: NetName=Net2N222_3 Pin=C2-2
Added Pin To Net: NetName=Net5V_1 Pin=C3-1
Added Pin To Net: NetName=Net2N222_3 Pin=C3-2
Added Pin To Net: NetName=Net2N222_1 Pin=R2-1
Added Pin To Net: NetName=NetESP-WROOM-32_32 Pin=R2-2
Added Pin To Net: NetName=Net5V_1 Pin=R6-1
Added Pin To Net: NetName=Net2N222_2 Pin=R6-2
Added Member To Class: ClassName=IronDoorControl Member=Component C3 104
Added Member To Class: ClassName=IronDoorControl Member=Component R2 1K
Added Member To Class: ClassName=IronDoorControl Member=Component R6 1K
Added Room: Name=IronDoorControl
